[2020-10-20 16:10:43] INFO: CheckM v1.1.3
[2020-10-20 16:10:43] INFO: checkm lineage_wf -x fa /home/rybina/Nissle_project/concoct_output/NB_bins /home/rybina/Nissle_project/CheckM_output_NB
[2020-10-20 16:10:43] INFO: [CheckM - tree] Placing bins in reference genome tree.
[2020-10-20 16:10:43] INFO: Identifying marker genes in 21 bins with 1 threads:
[2020-10-20 16:11:48] INFO: Saving HMM info to file.
[2020-10-20 16:11:48] INFO: Calculating genome statistics for 21 bins with 1 threads:
[2020-10-20 16:11:49] INFO: Extracting marker genes to align.
[2020-10-20 16:11:49] INFO: Parsing HMM hits to marker genes:
[2020-10-20 16:11:51] INFO: Extracting 43 HMMs with 1 threads:
[2020-10-20 16:11:52] INFO: Aligning 43 marker genes with 1 threads:
[2020-10-20 16:11:56] INFO: Reading marker alignment files.
[2020-10-20 16:11:56] INFO: Concatenating alignments.
[2020-10-20 16:11:56] INFO: Placing 21 bins into the genome tree with pplacer (be patient).
[2020-10-20 16:17:54] INFO: { Current stage: 0:07:10.760 || Total: 0:07:10.760 }
[2020-10-20 16:17:54] INFO: [CheckM - lineage_set] Inferring lineage-specific marker sets.
[2020-10-20 16:17:54] INFO: Reading HMM info from file.
[2020-10-20 16:17:54] INFO: Parsing HMM hits to marker genes:
[2020-10-20 16:17:56] INFO: Determining marker sets for each genome bin.
[2020-10-20 16:18:00] INFO: Marker set written to: /home/rybina/Nissle_project/CheckM_output_NB/lineage.ms
[2020-10-20 16:18:00] INFO: { Current stage: 0:00:05.801 || Total: 0:07:16.561 }
[2020-10-20 16:18:00] INFO: [CheckM - analyze] Identifying marker genes in bins.
[2020-10-20 16:18:00] INFO: Identifying marker genes in 21 bins with 1 threads:
[2020-10-20 16:23:35] INFO: Saving HMM info to file.
[2020-10-20 16:23:36] INFO: { Current stage: 0:05:36.040 || Total: 0:12:52.601 }
[2020-10-20 16:23:36] INFO: Parsing HMM hits to marker genes:
[2020-10-20 16:23:39] INFO: Aligning marker genes with multiple hits in a single bin:
[2020-10-20 16:23:39] INFO: { Current stage: 0:00:03.539 || Total: 0:12:56.140 }
[2020-10-20 16:23:39] INFO: Calculating genome statistics for 21 bins with 1 threads:
[2020-10-20 16:23:40] INFO: { Current stage: 0:00:00.870 || Total: 0:12:57.011 }
[2020-10-20 16:23:40] INFO: [CheckM - qa] Tabulating genome statistics.
[2020-10-20 16:23:40] INFO: Calculating AAI between multi-copy marker genes.
[2020-10-20 16:23:40] INFO: Reading HMM info from file.
[2020-10-20 16:23:40] INFO: Parsing HMM hits to marker genes:
-------------------------------------------------------------------------------------------------------------------------------------------------------------------------
  Bin Id            Marker lineage           # genomes   # markers   # marker sets    0      1     2   3   4   5+   Completeness   Contamination   Strain heterogeneity  
-------------------------------------------------------------------------------------------------------------------------------------------------------------------------
  2        f__Enterobacteriaceae (UID5124)      134         1173          336         7     1164   2   0   0   0       99.07            0.07               0.00          
  3              k__Bacteria (UID203)           5449        101            56         49     52    0   0   0   0       80.36            0.00               0.00          
  4              g__Bacillus (UID902)            44         1171          324        1101    70    0   0   0   0        0.62            0.00               0.00          
  9                  root (UID1)                5656         56            24         56     0     0   0   0   0        0.00            0.00               0.00          
  8                  root (UID1)                5656         56            24         56     0     0   0   0   0        0.00            0.00               0.00          
  7                  root (UID1)                5656         56            24         56     0     0   0   0   0        0.00            0.00               0.00          
  6                  root (UID1)                5656         56            24         56     0     0   0   0   0        0.00            0.00               0.00          
  5                  root (UID1)                5656         56            24         56     0     0   0   0   0        0.00            0.00               0.00          
  21                 root (UID1)                5656         56            24         56     0     0   0   0   0        0.00            0.00               0.00          
  20                 root (UID1)                5656         56            24         56     0     0   0   0   0        0.00            0.00               0.00          
  19                 root (UID1)                5656         56            24         56     0     0   0   0   0        0.00            0.00               0.00          
  18                 root (UID1)                5656         56            24         56     0     0   0   0   0        0.00            0.00               0.00          
  17                 root (UID1)                5656         56            24         56     0     0   0   0   0        0.00            0.00               0.00          
  16                 root (UID1)                5656         56            24         56     0     0   0   0   0        0.00            0.00               0.00          
  15                 root (UID1)                5656         56            24         56     0     0   0   0   0        0.00            0.00               0.00          
  14                 root (UID1)                5656         56            24         56     0     0   0   0   0        0.00            0.00               0.00          
  13                 root (UID1)                5656         56            24         56     0     0   0   0   0        0.00            0.00               0.00          
  12                 root (UID1)                5656         56            24         56     0     0   0   0   0        0.00            0.00               0.00          
  11                 root (UID1)                5656         56            24         56     0     0   0   0   0        0.00            0.00               0.00          
  10                 root (UID1)                5656         56            24         56     0     0   0   0   0        0.00            0.00               0.00          
  0                  root (UID1)                5656         56            24         56     0     0   0   0   0        0.00            0.00               0.00          
-------------------------------------------------------------------------------------------------------------------------------------------------------------------------
[2020-10-20 16:23:44] INFO: { Current stage: 0:00:03.518 || Total: 0:13:00.529 }
